빌드 시작: 2014-03-09 오전 11:29:11
     1>2 노드의 "F:\c언어\c++\수업실습\final project\final project\final project.vcxproj" 프로젝트(build 대상)입니다.
     1>InitializeBuildStatus:
         "Debug\final project.unsuccessfulbuild"에 연결(touching)하고 있습니다.
       ClCompile:
         모든 출력이 최신 상태입니다.
         모든 출력이 최신 상태입니다.
       ResourceCompile:
         모든 출력이 최신 상태입니다.
       ManifestResourceCompile:
         모든 출력이 최신 상태입니다.
       Link:
         C:\Program Files (x86)\Microsoft Visual Studio 10.0\VC\bin\link.exe /ERRORREPORT:PROMPT /OUT:"F:\c언어\c++\수업실습\final project\Debug\final project.exe" /INCREMENTAL /NOLOGO kernel32.lib user32.lib gdi32.lib winspool.lib comdlg32.lib advapi32.lib shell32.lib ole32.lib oleaut32.lib uuid.lib odbc32.lib odbccp32.lib /MANIFEST /ManifestFile:"Debug\final project.exe.intermediate.manifest" /MANIFESTUAC:"level='asInvoker' uiAccess='false'" /DEBUG /PDB:"F:\c언어\c++\수업실습\final project\Debug\final project.pdb" /SUBSYSTEM:WINDOWS /TLBID:1 /DYNAMICBASE /NXCOMPAT /IMPLIB:"F:\c언어\c++\수업실습\final project\Debug\final project.lib" /MACHINE:X86 "Debug\final project.res"
         "Debug\final project.exe.embed.manifest.res"
         "Debug\final project.obj"
         Debug\stdafx.obj
     1>LINK : fatal error LNK1123: COFF로 변환하는 동안 오류가 발생했습니다. 파일이 잘못되었거나 손상되었습니다.
     1>"F:\c언어\c++\수업실습\final project\final project\final project.vcxproj" 프로젝트를 빌드했습니다(build 대상). - 실패

빌드하지 못했습니다.

경과 시간: 00:00:09.38
