빌드 시작: 2014-02-16 오후 1:37:41
     1>2 노드의 "C:\Users\언어\Desktop\new project 4\new project 4\new project 4.vcxproj" 프로젝트(build 대상)입니다.
     1>InitializeBuildStatus:
         "Debug\new project 4.unsuccessfulbuild"에 연결(touching)하고 있습니다.
       ClCompile:
         C:\Program Files (x86)\Microsoft Visual Studio 10.0\VC\bin\CL.exe /c /ZI /nologo /W3 /WX- /Od /Oy- /D WIN32 /D _DEBUG /D _CONSOLE /D _UNICODE /D UNICODE /Gm /EHsc /RTC1 /MDd /GS /fp:precise /Zc:wchar_t /Zc:forScope /Fo"Debug\\" /Fd"Debug\vc100.pdb" /Gd /TP /analyze- /errorReport:prompt so.cpp
         so.cpp
     1>c:\users\언어\desktop\new project 4\new project 4\so.cpp(17): warning C4244: '=' : 'double'에서 'int'(으)로 변환하면서 데이터가 손실될 수 있습니다.
       ManifestResourceCompile:
         모든 출력이 최신 상태입니다.
       Link:
         C:\Program Files (x86)\Microsoft Visual Studio 10.0\VC\bin\link.exe /ERRORREPORT:PROMPT /OUT:"C:\Users\언어\Desktop\new project 4\Debug\new project 4.exe" /INCREMENTAL /NOLOGO kernel32.lib user32.lib gdi32.lib winspool.lib comdlg32.lib advapi32.lib shell32.lib ole32.lib oleaut32.lib uuid.lib odbc32.lib odbccp32.lib /MANIFEST /ManifestFile:"Debug\new project 4.exe.intermediate.manifest" /MANIFESTUAC:"level='asInvoker' uiAccess='false'" /DEBUG /PDB:"C:\Users\언어\Desktop\new project 4\Debug\new project 4.pdb" /SUBSYSTEM:CONSOLE /TLBID:1 /DYNAMICBASE /NXCOMPAT /IMPLIB:"C:\Users\언어\Desktop\new project 4\Debug\new project 4.lib" /MACHINE:X86 "Debug\new project 4.exe.embed.manifest.res"
         Debug\so.obj
       Manifest:
         C:\Program Files (x86)\Microsoft SDKs\Windows\v7.0A\bin\mt.exe /nologo /verbose /out:"Debug\new project 4.exe.embed.manifest" /manifest "Debug\new project 4.exe.intermediate.manifest"
         모든 출력이 최신 상태입니다.
       LinkEmbedManifest:
         모든 출력이 최신 상태입니다.
         new project 4.vcxproj -> C:\Users\언어\Desktop\new project 4\Debug\new project 4.exe
       FinalizeBuildStatus:
         "Debug\new project 4.unsuccessfulbuild" 파일을 삭제하고 있습니다.
         "Debug\new project 4.lastbuildstate"에 연결(touching)하고 있습니다.
     1>"C:\Users\언어\Desktop\new project 4\new project 4\new project 4.vcxproj" 프로젝트를 빌드했습니다(build 대상).

빌드했습니다.

경과 시간: 00:00:00.74
